{"__type":"$$EventMessageAudit","id":"4d12264c-e16c-48e4-8c38-0f22a53dfd82","ts":"2025-05-25T05:48:07.484+00:00","eventName":"n8n.audit.workflow.updated","message":"n8n.audit.workflow.updated","payload":{"userId":"27fea2c0-c6ec-415b-b14a-c5a3a50833da","_email":"st124960@ait.asia","_firstName":"Ponkrit","_lastName":"Kaewsawee","globalRole":"global:owner","workflowId":"MF69XFClYXSAkhQY","workflowName":"My workflow 2"}}
{"__type":"$$EventMessageConfirm","confirm":"4d12264c-e16c-48e4-8c38-0f22a53dfd82","ts":"2025-05-25T05:48:07.484+00:00","source":{"id":"0","name":"eventBus"}}
{"__type":"$$EventMessageAudit","id":"4976e49a-f170-494f-9121-fdbf50476627","ts":"2025-05-25T05:48:13.251+00:00","eventName":"n8n.audit.user.credentials.deleted","message":"n8n.audit.user.credentials.deleted","payload":{"userId":"27fea2c0-c6ec-415b-b14a-c5a3a50833da","_email":"st124960@ait.asia","_firstName":"Ponkrit","_lastName":"Kaewsawee","globalRole":"global:owner","credentialType":"googleDriveOAuth2Api","credentialId":"Si5u70dJFa5ZM9zp"}}
{"__type":"$$EventMessageConfirm","confirm":"4976e49a-f170-494f-9121-fdbf50476627","ts":"2025-05-25T05:48:13.251+00:00","source":{"id":"0","name":"eventBus"}}
{"__type":"$$EventMessageAudit","id":"19843397-8670-4263-9e3c-0509f929e8c4","ts":"2025-05-25T05:48:18.703+00:00","eventName":"n8n.audit.workflow.updated","message":"n8n.audit.workflow.updated","payload":{"userId":"27fea2c0-c6ec-415b-b14a-c5a3a50833da","_email":"st124960@ait.asia","_firstName":"Ponkrit","_lastName":"Kaewsawee","globalRole":"global:owner","workflowId":"VsGhrmeejg9ZLY3I","workflowName":"My workflow"}}
{"__type":"$$EventMessageConfirm","confirm":"19843397-8670-4263-9e3c-0509f929e8c4","ts":"2025-05-25T05:48:18.703+00:00","source":{"id":"0","name":"eventBus"}}
{"__type":"$$EventMessageAudit","id":"0368778a-a812-4eac-a98d-cf0fc5640f4b","ts":"2025-05-25T05:48:25.592+00:00","eventName":"n8n.audit.workflow.archived","message":"n8n.audit.workflow.archived","payload":{"userId":"27fea2c0-c6ec-415b-b14a-c5a3a50833da","_email":"st124960@ait.asia","_firstName":"Ponkrit","_lastName":"Kaewsawee","globalRole":"global:owner","workflowId":"VsGhrmeejg9ZLY3I"}}
{"__type":"$$EventMessageConfirm","confirm":"0368778a-a812-4eac-a98d-cf0fc5640f4b","ts":"2025-05-25T05:48:25.593+00:00","source":{"id":"0","name":"eventBus"}}
{"__type":"$$EventMessageWorkflow","id":"a8076749-358d-4729-841a-5a58e157d559","ts":"2025-05-25T05:48:31.403+00:00","eventName":"n8n.workflow.started","message":"n8n.workflow.started","payload":{"executionId":"85","workflowId":"MF69XFClYXSAkhQY","isManual":false,"workflowName":"My workflow 2"}}
{"__type":"$$EventMessageConfirm","confirm":"a8076749-358d-4729-841a-5a58e157d559","ts":"2025-05-25T05:48:31.404+00:00","source":{"id":"0","name":"eventBus"}}
{"__type":"$$EventMessageNode","id":"63401293-36a3-4a10-9008-5998c430250d","ts":"2025-05-25T05:48:31.404+00:00","eventName":"n8n.node.started","message":"n8n.node.started","payload":{"workflowId":"MF69XFClYXSAkhQY","workflowName":"My workflow 2","executionId":"85","nodeType":"n8n-nodes-base.manualTrigger","nodeName":"When clicking ‘Test workflow’"}}
{"__type":"$$EventMessageConfirm","confirm":"63401293-36a3-4a10-9008-5998c430250d","ts":"2025-05-25T05:48:31.404+00:00","source":{"id":"0","name":"eventBus"}}
{"__type":"$$EventMessageNode","id":"a7266f2e-0ac4-4fc8-a9ff-c0c812f591fb","ts":"2025-05-25T05:48:31.406+00:00","eventName":"n8n.node.finished","message":"n8n.node.finished","payload":{"workflowId":"MF69XFClYXSAkhQY","workflowName":"My workflow 2","executionId":"85","nodeType":"n8n-nodes-base.manualTrigger","nodeName":"When clicking ‘Test workflow’"}}
{"__type":"$$EventMessageConfirm","confirm":"a7266f2e-0ac4-4fc8-a9ff-c0c812f591fb","ts":"2025-05-25T05:48:31.407+00:00","source":{"id":"0","name":"eventBus"}}
{"__type":"$$EventMessageNode","id":"f5641b32-4c51-476d-b255-9fb373057ade","ts":"2025-05-25T05:48:31.407+00:00","eventName":"n8n.node.started","message":"n8n.node.started","payload":{"workflowId":"MF69XFClYXSAkhQY","workflowName":"My workflow 2","executionId":"85","nodeType":"n8n-nodes-base.googleDrive","nodeName":"GovDocs Storage"}}
{"__type":"$$EventMessageConfirm","confirm":"f5641b32-4c51-476d-b255-9fb373057ade","ts":"2025-05-25T05:48:31.407+00:00","source":{"id":"0","name":"eventBus"}}
{"__type":"$$EventMessageNode","id":"189109d6-2305-41d0-9d87-9f2bd85f3a58","ts":"2025-05-25T05:48:32.044+00:00","eventName":"n8n.node.finished","message":"n8n.node.finished","payload":{"workflowId":"MF69XFClYXSAkhQY","workflowName":"My workflow 2","executionId":"85","nodeType":"n8n-nodes-base.googleDrive","nodeName":"GovDocs Storage"}}
{"__type":"$$EventMessageConfirm","confirm":"189109d6-2305-41d0-9d87-9f2bd85f3a58","ts":"2025-05-25T05:48:32.044+00:00","source":{"id":"0","name":"eventBus"}}
{"__type":"$$EventMessageWorkflow","id":"f5c21f91-5414-4256-a2e7-af5850e4f6b6","ts":"2025-05-25T05:48:32.046+00:00","eventName":"n8n.workflow.success","message":"n8n.workflow.success","payload":{"executionId":"85","userId":"27fea2c0-c6ec-415b-b14a-c5a3a50833da","success":true,"isManual":true,"workflowId":"MF69XFClYXSAkhQY","workflowName":"My workflow 2"}}
{"__type":"$$EventMessageConfirm","confirm":"f5c21f91-5414-4256-a2e7-af5850e4f6b6","ts":"2025-05-25T05:48:32.046+00:00","source":{"id":"0","name":"eventBus"}}
{"__type":"$$EventMessageWorkflow","id":"024a6aaa-53d7-443f-988a-959e2368aeb0","ts":"2025-05-25T05:48:35.119+00:00","eventName":"n8n.workflow.started","message":"n8n.workflow.started","payload":{"executionId":"86","workflowId":"MF69XFClYXSAkhQY","isManual":false,"workflowName":"My workflow 2"}}
{"__type":"$$EventMessageConfirm","confirm":"024a6aaa-53d7-443f-988a-959e2368aeb0","ts":"2025-05-25T05:48:35.119+00:00","source":{"id":"0","name":"eventBus"}}
{"__type":"$$EventMessageNode","id":"886230d2-8d0f-4092-a54b-03bac3803bd5","ts":"2025-05-25T05:48:35.120+00:00","eventName":"n8n.node.started","message":"n8n.node.started","payload":{"workflowId":"MF69XFClYXSAkhQY","workflowName":"My workflow 2","executionId":"86","nodeType":"n8n-nodes-base.splitInBatches","nodeName":"Loop Over Items"}}
{"__type":"$$EventMessageConfirm","confirm":"886230d2-8d0f-4092-a54b-03bac3803bd5","ts":"2025-05-25T05:48:35.120+00:00","source":{"id":"0","name":"eventBus"}}
{"__type":"$$EventMessageNode","id":"320d880a-f526-469a-8350-7a95540db4ee","ts":"2025-05-25T05:48:35.120+00:00","eventName":"n8n.node.finished","message":"n8n.node.finished","payload":{"workflowId":"MF69XFClYXSAkhQY","workflowName":"My workflow 2","executionId":"86","nodeType":"n8n-nodes-base.splitInBatches","nodeName":"Loop Over Items"}}
{"__type":"$$EventMessageConfirm","confirm":"320d880a-f526-469a-8350-7a95540db4ee","ts":"2025-05-25T05:48:35.120+00:00","source":{"id":"0","name":"eventBus"}}
{"__type":"$$EventMessageNode","id":"95de92fc-a054-4bdb-8e3d-1ab77e631842","ts":"2025-05-25T05:48:35.121+00:00","eventName":"n8n.node.started","message":"n8n.node.started","payload":{"workflowId":"MF69XFClYXSAkhQY","workflowName":"My workflow 2","executionId":"86","nodeType":"n8n-nodes-base.noOp","nodeName":"Replace Me"}}
{"__type":"$$EventMessageConfirm","confirm":"95de92fc-a054-4bdb-8e3d-1ab77e631842","ts":"2025-05-25T05:48:35.121+00:00","source":{"id":"0","name":"eventBus"}}
{"__type":"$$EventMessageNode","id":"e7770453-6ffc-47b3-b71a-52b3c75312a8","ts":"2025-05-25T05:48:35.121+00:00","eventName":"n8n.node.finished","message":"n8n.node.finished","payload":{"workflowId":"MF69XFClYXSAkhQY","workflowName":"My workflow 2","executionId":"86","nodeType":"n8n-nodes-base.noOp","nodeName":"Replace Me"}}
{"__type":"$$EventMessageConfirm","confirm":"e7770453-6ffc-47b3-b71a-52b3c75312a8","ts":"2025-05-25T05:48:35.121+00:00","source":{"id":"0","name":"eventBus"}}
{"__type":"$$EventMessageNode","id":"96e58dbe-1664-4666-8489-b9103e0725f1","ts":"2025-05-25T05:48:35.122+00:00","eventName":"n8n.node.started","message":"n8n.node.started","payload":{"workflowId":"MF69XFClYXSAkhQY","workflowName":"My workflow 2","executionId":"86","nodeType":"n8n-nodes-base.splitInBatches","nodeName":"Loop Over Items"}}
{"__type":"$$EventMessageConfirm","confirm":"96e58dbe-1664-4666-8489-b9103e0725f1","ts":"2025-05-25T05:48:35.122+00:00","source":{"id":"0","name":"eventBus"}}
{"__type":"$$EventMessageNode","id":"268240da-37ea-4912-b117-77948fe34443","ts":"2025-05-25T05:48:35.122+00:00","eventName":"n8n.node.finished","message":"n8n.node.finished","payload":{"workflowId":"MF69XFClYXSAkhQY","workflowName":"My workflow 2","executionId":"86","nodeType":"n8n-nodes-base.splitInBatches","nodeName":"Loop Over Items"}}
{"__type":"$$EventMessageConfirm","confirm":"268240da-37ea-4912-b117-77948fe34443","ts":"2025-05-25T05:48:35.122+00:00","source":{"id":"0","name":"eventBus"}}
{"__type":"$$EventMessageNode","id":"8945d9e1-1074-4893-a3ea-e809411c78ea","ts":"2025-05-25T05:48:35.122+00:00","eventName":"n8n.node.started","message":"n8n.node.started","payload":{"workflowId":"MF69XFClYXSAkhQY","workflowName":"My workflow 2","executionId":"86","nodeType":"n8n-nodes-base.noOp","nodeName":"Replace Me"}}
{"__type":"$$EventMessageConfirm","confirm":"8945d9e1-1074-4893-a3ea-e809411c78ea","ts":"2025-05-25T05:48:35.122+00:00","source":{"id":"0","name":"eventBus"}}
{"__type":"$$EventMessageNode","id":"5bb31528-99c9-482d-abd0-3982344d863b","ts":"2025-05-25T05:48:35.122+00:00","eventName":"n8n.node.finished","message":"n8n.node.finished","payload":{"workflowId":"MF69XFClYXSAkhQY","workflowName":"My workflow 2","executionId":"86","nodeType":"n8n-nodes-base.noOp","nodeName":"Replace Me"}}
{"__type":"$$EventMessageConfirm","confirm":"5bb31528-99c9-482d-abd0-3982344d863b","ts":"2025-05-25T05:48:35.122+00:00","source":{"id":"0","name":"eventBus"}}
{"__type":"$$EventMessageNode","id":"03022ddf-cca3-45d1-b764-58fdda11647e","ts":"2025-05-25T05:48:35.123+00:00","eventName":"n8n.node.started","message":"n8n.node.started","payload":{"workflowId":"MF69XFClYXSAkhQY","workflowName":"My workflow 2","executionId":"86","nodeType":"n8n-nodes-base.splitInBatches","nodeName":"Loop Over Items"}}
{"__type":"$$EventMessageConfirm","confirm":"03022ddf-cca3-45d1-b764-58fdda11647e","ts":"2025-05-25T05:48:35.123+00:00","source":{"id":"0","name":"eventBus"}}
{"__type":"$$EventMessageNode","id":"c0e13756-0d97-48bd-805c-1244763c759f","ts":"2025-05-25T05:48:35.123+00:00","eventName":"n8n.node.finished","message":"n8n.node.finished","payload":{"workflowId":"MF69XFClYXSAkhQY","workflowName":"My workflow 2","executionId":"86","nodeType":"n8n-nodes-base.splitInBatches","nodeName":"Loop Over Items"}}
{"__type":"$$EventMessageConfirm","confirm":"c0e13756-0d97-48bd-805c-1244763c759f","ts":"2025-05-25T05:48:35.123+00:00","source":{"id":"0","name":"eventBus"}}
{"__type":"$$EventMessageNode","id":"6acbf187-5220-4379-9626-d13bccab5477","ts":"2025-05-25T05:48:35.123+00:00","eventName":"n8n.node.started","message":"n8n.node.started","payload":{"workflowId":"MF69XFClYXSAkhQY","workflowName":"My workflow 2","executionId":"86","nodeType":"n8n-nodes-base.noOp","nodeName":"Replace Me"}}
{"__type":"$$EventMessageConfirm","confirm":"6acbf187-5220-4379-9626-d13bccab5477","ts":"2025-05-25T05:48:35.123+00:00","source":{"id":"0","name":"eventBus"}}
{"__type":"$$EventMessageNode","id":"6ff8d6cf-d757-4532-986d-319d4d84d373","ts":"2025-05-25T05:48:35.123+00:00","eventName":"n8n.node.finished","message":"n8n.node.finished","payload":{"workflowId":"MF69XFClYXSAkhQY","workflowName":"My workflow 2","executionId":"86","nodeType":"n8n-nodes-base.noOp","nodeName":"Replace Me"}}
{"__type":"$$EventMessageConfirm","confirm":"6ff8d6cf-d757-4532-986d-319d4d84d373","ts":"2025-05-25T05:48:35.123+00:00","source":{"id":"0","name":"eventBus"}}
{"__type":"$$EventMessageNode","id":"ef95d9a2-a6c8-496f-a9d0-c83e5cef51a5","ts":"2025-05-25T05:48:35.123+00:00","eventName":"n8n.node.started","message":"n8n.node.started","payload":{"workflowId":"MF69XFClYXSAkhQY","workflowName":"My workflow 2","executionId":"86","nodeType":"n8n-nodes-base.splitInBatches","nodeName":"Loop Over Items"}}
{"__type":"$$EventMessageConfirm","confirm":"ef95d9a2-a6c8-496f-a9d0-c83e5cef51a5","ts":"2025-05-25T05:48:35.123+00:00","source":{"id":"0","name":"eventBus"}}
{"__type":"$$EventMessageNode","id":"cb95589c-8b3a-4e22-b05c-7e1c44bc2e57","ts":"2025-05-25T05:48:35.124+00:00","eventName":"n8n.node.finished","message":"n8n.node.finished","payload":{"workflowId":"MF69XFClYXSAkhQY","workflowName":"My workflow 2","executionId":"86","nodeType":"n8n-nodes-base.splitInBatches","nodeName":"Loop Over Items"}}
{"__type":"$$EventMessageConfirm","confirm":"cb95589c-8b3a-4e22-b05c-7e1c44bc2e57","ts":"2025-05-25T05:48:35.124+00:00","source":{"id":"0","name":"eventBus"}}
{"__type":"$$EventMessageNode","id":"d505d75b-9404-4abd-9e7d-e075b16903c4","ts":"2025-05-25T05:48:35.124+00:00","eventName":"n8n.node.started","message":"n8n.node.started","payload":{"workflowId":"MF69XFClYXSAkhQY","workflowName":"My workflow 2","executionId":"86","nodeType":"n8n-nodes-base.noOp","nodeName":"Replace Me"}}
{"__type":"$$EventMessageConfirm","confirm":"d505d75b-9404-4abd-9e7d-e075b16903c4","ts":"2025-05-25T05:48:35.124+00:00","source":{"id":"0","name":"eventBus"}}
{"__type":"$$EventMessageNode","id":"ebcfa6c4-879a-441b-b2a2-37086523b68a","ts":"2025-05-25T05:48:35.124+00:00","eventName":"n8n.node.finished","message":"n8n.node.finished","payload":{"workflowId":"MF69XFClYXSAkhQY","workflowName":"My workflow 2","executionId":"86","nodeType":"n8n-nodes-base.noOp","nodeName":"Replace Me"}}
{"__type":"$$EventMessageConfirm","confirm":"ebcfa6c4-879a-441b-b2a2-37086523b68a","ts":"2025-05-25T05:48:35.124+00:00","source":{"id":"0","name":"eventBus"}}
{"__type":"$$EventMessageNode","id":"80d90af5-aec6-42a1-a1d5-54aa256c05e6","ts":"2025-05-25T05:48:35.124+00:00","eventName":"n8n.node.started","message":"n8n.node.started","payload":{"workflowId":"MF69XFClYXSAkhQY","workflowName":"My workflow 2","executionId":"86","nodeType":"n8n-nodes-base.splitInBatches","nodeName":"Loop Over Items"}}
{"__type":"$$EventMessageConfirm","confirm":"80d90af5-aec6-42a1-a1d5-54aa256c05e6","ts":"2025-05-25T05:48:35.124+00:00","source":{"id":"0","name":"eventBus"}}
{"__type":"$$EventMessageNode","id":"99f8f28d-7fac-4c64-bf02-f448b47a9837","ts":"2025-05-25T05:48:35.125+00:00","eventName":"n8n.node.finished","message":"n8n.node.finished","payload":{"workflowId":"MF69XFClYXSAkhQY","workflowName":"My workflow 2","executionId":"86","nodeType":"n8n-nodes-base.splitInBatches","nodeName":"Loop Over Items"}}
{"__type":"$$EventMessageConfirm","confirm":"99f8f28d-7fac-4c64-bf02-f448b47a9837","ts":"2025-05-25T05:48:35.125+00:00","source":{"id":"0","name":"eventBus"}}
{"__type":"$$EventMessageNode","id":"3da5b165-8e56-42c7-881c-682a3451ec0b","ts":"2025-05-25T05:48:35.125+00:00","eventName":"n8n.node.started","message":"n8n.node.started","payload":{"workflowId":"MF69XFClYXSAkhQY","workflowName":"My workflow 2","executionId":"86","nodeType":"n8n-nodes-base.postgres","nodeName":"Store in DB"}}
{"__type":"$$EventMessageConfirm","confirm":"3da5b165-8e56-42c7-881c-682a3451ec0b","ts":"2025-05-25T05:48:35.125+00:00","source":{"id":"0","name":"eventBus"}}
{"__type":"$$EventMessageNode","id":"16a90127-0149-48be-84d2-201ed693eda6","ts":"2025-05-25T12:48:35.223+07:00","eventName":"n8n.node.finished","message":"n8n.node.finished","payload":{"workflowId":"MF69XFClYXSAkhQY","workflowName":"My workflow 2","executionId":"86","nodeType":"n8n-nodes-base.postgres","nodeName":"Store in DB"}}
{"__type":"$$EventMessageConfirm","confirm":"16a90127-0149-48be-84d2-201ed693eda6","ts":"2025-05-25T12:48:35.224+07:00","source":{"id":"0","name":"eventBus"}}
{"__type":"$$EventMessageWorkflow","id":"54991fd8-1188-4083-b984-9874582e0242","ts":"2025-05-25T12:48:35.225+07:00","eventName":"n8n.workflow.failed","message":"n8n.workflow.failed","payload":{"executionId":"86","userId":"27fea2c0-c6ec-415b-b14a-c5a3a50833da","success":false,"isManual":true,"workflowId":"MF69XFClYXSAkhQY","workflowName":"My workflow 2","lastNodeExecuted":"Store in DB","errorNodeType":"n8n-nodes-base.postgres","errorMessage":"relation \"public.ocr_documents\" does not exist"}}
{"__type":"$$EventMessageConfirm","confirm":"54991fd8-1188-4083-b984-9874582e0242","ts":"2025-05-25T12:48:35.225+07:00","source":{"id":"0","name":"eventBus"}}
{"__type":"$$EventMessageWorkflow","id":"4a7178aa-a5cc-4a96-8a02-7d9f1e557540","ts":"2025-05-25T12:48:39.433+07:00","eventName":"n8n.workflow.started","message":"n8n.workflow.started","payload":{"executionId":"87","workflowId":"MF69XFClYXSAkhQY","isManual":false,"workflowName":"My workflow 2"}}
{"__type":"$$EventMessageConfirm","confirm":"4a7178aa-a5cc-4a96-8a02-7d9f1e557540","ts":"2025-05-25T12:48:39.433+07:00","source":{"id":"0","name":"eventBus"}}
{"__type":"$$EventMessageNode","id":"b8e06212-533b-4c51-ad87-166f3c16b2ee","ts":"2025-05-25T12:48:39.434+07:00","eventName":"n8n.node.started","message":"n8n.node.started","payload":{"workflowId":"MF69XFClYXSAkhQY","workflowName":"My workflow 2","executionId":"87","nodeType":"n8n-nodes-base.postgres","nodeName":"Store in DB"}}
{"__type":"$$EventMessageConfirm","confirm":"b8e06212-533b-4c51-ad87-166f3c16b2ee","ts":"2025-05-25T12:48:39.434+07:00","source":{"id":"0","name":"eventBus"}}
{"__type":"$$EventMessageNode","id":"5020283d-1682-4356-a215-aeb3a6e15905","ts":"2025-05-25T12:48:39.447+07:00","eventName":"n8n.node.finished","message":"n8n.node.finished","payload":{"workflowId":"MF69XFClYXSAkhQY","workflowName":"My workflow 2","executionId":"87","nodeType":"n8n-nodes-base.postgres","nodeName":"Store in DB"}}
{"__type":"$$EventMessageConfirm","confirm":"5020283d-1682-4356-a215-aeb3a6e15905","ts":"2025-05-25T12:48:39.447+07:00","source":{"id":"0","name":"eventBus"}}
{"__type":"$$EventMessageWorkflow","id":"58a1461d-4964-433d-92c1-10572cf76675","ts":"2025-05-25T12:48:39.448+07:00","eventName":"n8n.workflow.failed","message":"n8n.workflow.failed","payload":{"executionId":"87","userId":"27fea2c0-c6ec-415b-b14a-c5a3a50833da","success":false,"isManual":true,"workflowId":"MF69XFClYXSAkhQY","workflowName":"My workflow 2","lastNodeExecuted":"Store in DB","errorNodeType":"n8n-nodes-base.postgres","errorMessage":"relation \"public.ocr_documents\" does not exist"}}
{"__type":"$$EventMessageConfirm","confirm":"58a1461d-4964-433d-92c1-10572cf76675","ts":"2025-05-25T12:48:39.448+07:00","source":{"id":"0","name":"eventBus"}}
