{"__type":"$$EventMessageAudit","id":"2a95f13d-db29-4727-b960-d4d57643aade","ts":"2025-05-25T05:11:57.727+00:00","eventName":"n8n.audit.user.login.success","message":"n8n.audit.user.login.success","payload":{"userId":"27fea2c0-c6ec-415b-b14a-c5a3a50833da","_email":"st124960@ait.asia","_firstName":"Ponkrit","_lastName":"Kaewsawee","globalRole":"global:owner","authenticationMethod":"email"}}
{"__type":"$$EventMessageConfirm","confirm":"2a95f13d-db29-4727-b960-d4d57643aade","ts":"2025-05-25T05:11:57.764+00:00","source":{"id":"0","name":"eventBus"}}
{"__type":"$$EventMessageWorkflow","id":"c7ca8d0e-e58f-43f8-9563-d4fc60940ac9","ts":"2025-05-25T05:12:09.653+00:00","eventName":"n8n.workflow.started","message":"n8n.workflow.started","payload":{"executionId":"78","workflowId":"MF69XFClYXSAkhQY","isManual":false,"workflowName":"My workflow 2"}}
{"__type":"$$EventMessageConfirm","confirm":"c7ca8d0e-e58f-43f8-9563-d4fc60940ac9","ts":"2025-05-25T05:12:09.653+00:00","source":{"id":"0","name":"eventBus"}}
{"__type":"$$EventMessageNode","id":"23be424f-d87c-4f83-908b-39994aa574eb","ts":"2025-05-25T05:12:09.654+00:00","eventName":"n8n.node.started","message":"n8n.node.started","payload":{"workflowId":"MF69XFClYXSAkhQY","workflowName":"My workflow 2","executionId":"78","nodeType":"n8n-nodes-base.manualTrigger","nodeName":"When clicking ‘Test workflow’"}}
{"__type":"$$EventMessageConfirm","confirm":"23be424f-d87c-4f83-908b-39994aa574eb","ts":"2025-05-25T05:12:09.654+00:00","source":{"id":"0","name":"eventBus"}}
{"__type":"$$EventMessageNode","id":"2c17a374-0ba1-4838-ac60-8c06f2320f98","ts":"2025-05-25T05:12:09.657+00:00","eventName":"n8n.node.finished","message":"n8n.node.finished","payload":{"workflowId":"MF69XFClYXSAkhQY","workflowName":"My workflow 2","executionId":"78","nodeType":"n8n-nodes-base.manualTrigger","nodeName":"When clicking ‘Test workflow’"}}
{"__type":"$$EventMessageConfirm","confirm":"2c17a374-0ba1-4838-ac60-8c06f2320f98","ts":"2025-05-25T05:12:09.658+00:00","source":{"id":"0","name":"eventBus"}}
{"__type":"$$EventMessageNode","id":"5c9ee357-fc33-4688-9787-e748929327d2","ts":"2025-05-25T05:12:09.658+00:00","eventName":"n8n.node.started","message":"n8n.node.started","payload":{"workflowId":"MF69XFClYXSAkhQY","workflowName":"My workflow 2","executionId":"78","nodeType":"n8n-nodes-base.googleDrive","nodeName":"GovDocs Storage"}}
{"__type":"$$EventMessageConfirm","confirm":"5c9ee357-fc33-4688-9787-e748929327d2","ts":"2025-05-25T05:12:09.658+00:00","source":{"id":"0","name":"eventBus"}}
{"__type":"$$EventMessageNode","id":"48c7d7fc-3138-4ec5-81a9-b8dcbc3f962e","ts":"2025-05-25T05:12:09.672+00:00","eventName":"n8n.node.finished","message":"n8n.node.finished","payload":{"workflowId":"MF69XFClYXSAkhQY","workflowName":"My workflow 2","executionId":"78","nodeType":"n8n-nodes-base.googleDrive","nodeName":"GovDocs Storage"}}
{"__type":"$$EventMessageConfirm","confirm":"48c7d7fc-3138-4ec5-81a9-b8dcbc3f962e","ts":"2025-05-25T05:12:09.672+00:00","source":{"id":"0","name":"eventBus"}}
{"__type":"$$EventMessageWorkflow","id":"b93f4516-3227-47c0-a603-815f6d7953f3","ts":"2025-05-25T05:12:09.677+00:00","eventName":"n8n.workflow.failed","message":"n8n.workflow.failed","payload":{"executionId":"78","userId":"27fea2c0-c6ec-415b-b14a-c5a3a50833da","success":false,"isManual":true,"workflowId":"MF69XFClYXSAkhQY","workflowName":"My workflow 2","lastNodeExecuted":"GovDocs Storage","errorNodeType":"n8n-nodes-base.googleDrive","errorMessage":"Credentials could not be decrypted. The likely reason is that a different \"encryptionKey\" was used to encrypt the data."}}
{"__type":"$$EventMessageConfirm","confirm":"b93f4516-3227-47c0-a603-815f6d7953f3","ts":"2025-05-25T05:12:09.677+00:00","source":{"id":"0","name":"eventBus"}}
{"__type":"$$EventMessageWorkflow","id":"8d63571d-d9e4-4770-9411-f3e0e5183711","ts":"2025-05-25T05:12:16.467+00:00","eventName":"n8n.workflow.started","message":"n8n.workflow.started","payload":{"executionId":"79","workflowId":"MF69XFClYXSAkhQY","isManual":false,"workflowName":"My workflow 2"}}
{"__type":"$$EventMessageConfirm","confirm":"8d63571d-d9e4-4770-9411-f3e0e5183711","ts":"2025-05-25T05:12:16.467+00:00","source":{"id":"0","name":"eventBus"}}
{"__type":"$$EventMessageNode","id":"1ed30d96-d2f0-484c-94b9-3ed213a82b22","ts":"2025-05-25T05:12:16.467+00:00","eventName":"n8n.node.started","message":"n8n.node.started","payload":{"workflowId":"MF69XFClYXSAkhQY","workflowName":"My workflow 2","executionId":"79","nodeType":"n8n-nodes-base.googleDrive","nodeName":"GovDocs Storage"}}
{"__type":"$$EventMessageConfirm","confirm":"1ed30d96-d2f0-484c-94b9-3ed213a82b22","ts":"2025-05-25T05:12:16.467+00:00","source":{"id":"0","name":"eventBus"}}
{"__type":"$$EventMessageNode","id":"e87ad17a-0f04-4075-9982-e5500d5de5d8","ts":"2025-05-25T05:12:16.471+00:00","eventName":"n8n.node.finished","message":"n8n.node.finished","payload":{"workflowId":"MF69XFClYXSAkhQY","workflowName":"My workflow 2","executionId":"79","nodeType":"n8n-nodes-base.googleDrive","nodeName":"GovDocs Storage"}}
{"__type":"$$EventMessageConfirm","confirm":"e87ad17a-0f04-4075-9982-e5500d5de5d8","ts":"2025-05-25T05:12:16.471+00:00","source":{"id":"0","name":"eventBus"}}
{"__type":"$$EventMessageWorkflow","id":"f339e7cb-4dba-4c99-9340-0755eb597846","ts":"2025-05-25T05:12:16.473+00:00","eventName":"n8n.workflow.failed","message":"n8n.workflow.failed","payload":{"executionId":"79","userId":"27fea2c0-c6ec-415b-b14a-c5a3a50833da","success":false,"isManual":true,"workflowId":"MF69XFClYXSAkhQY","workflowName":"My workflow 2","lastNodeExecuted":"GovDocs Storage","errorNodeType":"n8n-nodes-base.googleDrive","errorMessage":"Credentials could not be decrypted. The likely reason is that a different \"encryptionKey\" was used to encrypt the data."}}
{"__type":"$$EventMessageConfirm","confirm":"f339e7cb-4dba-4c99-9340-0755eb597846","ts":"2025-05-25T05:12:16.473+00:00","source":{"id":"0","name":"eventBus"}}
{"__type":"$$EventMessageWorkflow","id":"e959bdd3-1daf-40f1-9d24-9fd873056973","ts":"2025-05-25T05:36:51.802+00:00","eventName":"n8n.workflow.started","message":"n8n.workflow.started","payload":{"executionId":"80","workflowId":"MF69XFClYXSAkhQY","isManual":false,"workflowName":"My workflow 2"}}
{"__type":"$$EventMessageConfirm","confirm":"e959bdd3-1daf-40f1-9d24-9fd873056973","ts":"2025-05-25T05:36:51.802+00:00","source":{"id":"0","name":"eventBus"}}
{"__type":"$$EventMessageNode","id":"12b161db-9278-449c-899a-462bdecef754","ts":"2025-05-25T05:36:51.802+00:00","eventName":"n8n.node.started","message":"n8n.node.started","payload":{"workflowId":"MF69XFClYXSAkhQY","workflowName":"My workflow 2","executionId":"80","nodeType":"n8n-nodes-base.googleDrive","nodeName":"GovDocs Storage"}}
{"__type":"$$EventMessageConfirm","confirm":"12b161db-9278-449c-899a-462bdecef754","ts":"2025-05-25T05:36:51.802+00:00","source":{"id":"0","name":"eventBus"}}
{"__type":"$$EventMessageNode","id":"bbe87071-69c4-495d-a493-a3adaf7bb5ac","ts":"2025-05-25T05:36:51.807+00:00","eventName":"n8n.node.finished","message":"n8n.node.finished","payload":{"workflowId":"MF69XFClYXSAkhQY","workflowName":"My workflow 2","executionId":"80","nodeType":"n8n-nodes-base.googleDrive","nodeName":"GovDocs Storage"}}
{"__type":"$$EventMessageConfirm","confirm":"bbe87071-69c4-495d-a493-a3adaf7bb5ac","ts":"2025-05-25T05:36:51.807+00:00","source":{"id":"0","name":"eventBus"}}
{"__type":"$$EventMessageWorkflow","id":"704beb61-a47b-4493-a5ba-6a88b1642032","ts":"2025-05-25T05:36:51.809+00:00","eventName":"n8n.workflow.failed","message":"n8n.workflow.failed","payload":{"executionId":"80","userId":"27fea2c0-c6ec-415b-b14a-c5a3a50833da","success":false,"isManual":true,"workflowId":"MF69XFClYXSAkhQY","workflowName":"My workflow 2","lastNodeExecuted":"GovDocs Storage","errorNodeType":"n8n-nodes-base.googleDrive","errorMessage":"Credentials could not be decrypted. The likely reason is that a different \"encryptionKey\" was used to encrypt the data."}}
{"__type":"$$EventMessageConfirm","confirm":"704beb61-a47b-4493-a5ba-6a88b1642032","ts":"2025-05-25T05:36:51.809+00:00","source":{"id":"0","name":"eventBus"}}
{"__type":"$$EventMessageAudit","id":"ef80804e-91a6-4600-bc57-d1f26e5d9528","ts":"2025-05-25T05:37:57.616+00:00","eventName":"n8n.audit.user.credentials.created","message":"n8n.audit.user.credentials.created","payload":{"userId":"27fea2c0-c6ec-415b-b14a-c5a3a50833da","_email":"st124960@ait.asia","_firstName":"Ponkrit","_lastName":"Kaewsawee","globalRole":"global:owner","credentialType":"googleDriveOAuth2Api","credentialId":"Si5u70dJFa5ZM9zp","publicApi":false,"projectId":"XB8kxusJoe8cOnEW","projectType":"personal"}}
{"__type":"$$EventMessageConfirm","confirm":"ef80804e-91a6-4600-bc57-d1f26e5d9528","ts":"2025-05-25T05:37:57.616+00:00","source":{"id":"0","name":"eventBus"}}
{"__type":"$$EventMessageWorkflow","id":"c6afd607-fa48-4370-bc4d-a190128d0ff7","ts":"2025-05-25T05:38:08.274+00:00","eventName":"n8n.workflow.started","message":"n8n.workflow.started","payload":{"executionId":"81","workflowId":"MF69XFClYXSAkhQY","isManual":false,"workflowName":"My workflow 2"}}
{"__type":"$$EventMessageConfirm","confirm":"c6afd607-fa48-4370-bc4d-a190128d0ff7","ts":"2025-05-25T05:38:08.274+00:00","source":{"id":"0","name":"eventBus"}}
{"__type":"$$EventMessageNode","id":"fecafc88-7cdb-4fe2-bf5c-0e3c2690bffa","ts":"2025-05-25T05:38:08.275+00:00","eventName":"n8n.node.started","message":"n8n.node.started","payload":{"workflowId":"MF69XFClYXSAkhQY","workflowName":"My workflow 2","executionId":"81","nodeType":"n8n-nodes-base.googleDrive","nodeName":"GovDocs Storage"}}
{"__type":"$$EventMessageConfirm","confirm":"fecafc88-7cdb-4fe2-bf5c-0e3c2690bffa","ts":"2025-05-25T05:38:08.275+00:00","source":{"id":"0","name":"eventBus"}}
{"__type":"$$EventMessageNode","id":"b4dda311-2804-4035-a518-8bfdcfff7679","ts":"2025-05-25T05:38:08.925+00:00","eventName":"n8n.node.finished","message":"n8n.node.finished","payload":{"workflowId":"MF69XFClYXSAkhQY","workflowName":"My workflow 2","executionId":"81","nodeType":"n8n-nodes-base.googleDrive","nodeName":"GovDocs Storage"}}
{"__type":"$$EventMessageConfirm","confirm":"b4dda311-2804-4035-a518-8bfdcfff7679","ts":"2025-05-25T05:38:08.925+00:00","source":{"id":"0","name":"eventBus"}}
{"__type":"$$EventMessageWorkflow","id":"e918d339-166c-48a2-9f3a-c8cb55656d3b","ts":"2025-05-25T05:38:08.927+00:00","eventName":"n8n.workflow.success","message":"n8n.workflow.success","payload":{"executionId":"81","userId":"27fea2c0-c6ec-415b-b14a-c5a3a50833da","success":true,"isManual":true,"workflowId":"MF69XFClYXSAkhQY","workflowName":"My workflow 2"}}
{"__type":"$$EventMessageConfirm","confirm":"e918d339-166c-48a2-9f3a-c8cb55656d3b","ts":"2025-05-25T05:38:08.927+00:00","source":{"id":"0","name":"eventBus"}}
{"__type":"$$EventMessageWorkflow","id":"2655c7e8-dccc-49f9-adef-35bd9cdd739b","ts":"2025-05-25T05:38:15.128+00:00","eventName":"n8n.workflow.started","message":"n8n.workflow.started","payload":{"executionId":"82","workflowId":"MF69XFClYXSAkhQY","isManual":false,"workflowName":"My workflow 2"}}
{"__type":"$$EventMessageConfirm","confirm":"2655c7e8-dccc-49f9-adef-35bd9cdd739b","ts":"2025-05-25T05:38:15.128+00:00","source":{"id":"0","name":"eventBus"}}
{"__type":"$$EventMessageNode","id":"8597517e-8706-4fce-8f0d-431a90f48418","ts":"2025-05-25T05:38:15.128+00:00","eventName":"n8n.node.started","message":"n8n.node.started","payload":{"workflowId":"MF69XFClYXSAkhQY","workflowName":"My workflow 2","executionId":"82","nodeType":"n8n-nodes-base.splitInBatches","nodeName":"Loop Over Items"}}
{"__type":"$$EventMessageConfirm","confirm":"8597517e-8706-4fce-8f0d-431a90f48418","ts":"2025-05-25T05:38:15.128+00:00","source":{"id":"0","name":"eventBus"}}
{"__type":"$$EventMessageNode","id":"73d63da6-10d7-4c7c-9314-2e1ae00ca3bc","ts":"2025-05-25T05:38:15.129+00:00","eventName":"n8n.node.finished","message":"n8n.node.finished","payload":{"workflowId":"MF69XFClYXSAkhQY","workflowName":"My workflow 2","executionId":"82","nodeType":"n8n-nodes-base.splitInBatches","nodeName":"Loop Over Items"}}
{"__type":"$$EventMessageConfirm","confirm":"73d63da6-10d7-4c7c-9314-2e1ae00ca3bc","ts":"2025-05-25T05:38:15.129+00:00","source":{"id":"0","name":"eventBus"}}
{"__type":"$$EventMessageNode","id":"fb3c879b-7e30-4db3-98d1-2e434061cfb7","ts":"2025-05-25T05:38:15.129+00:00","eventName":"n8n.node.started","message":"n8n.node.started","payload":{"workflowId":"MF69XFClYXSAkhQY","workflowName":"My workflow 2","executionId":"82","nodeType":"n8n-nodes-base.noOp","nodeName":"Replace Me"}}
{"__type":"$$EventMessageConfirm","confirm":"fb3c879b-7e30-4db3-98d1-2e434061cfb7","ts":"2025-05-25T05:38:15.129+00:00","source":{"id":"0","name":"eventBus"}}
{"__type":"$$EventMessageNode","id":"d69386ff-f6e3-49c3-b752-77ff48b99cd9","ts":"2025-05-25T05:38:15.130+00:00","eventName":"n8n.node.finished","message":"n8n.node.finished","payload":{"workflowId":"MF69XFClYXSAkhQY","workflowName":"My workflow 2","executionId":"82","nodeType":"n8n-nodes-base.noOp","nodeName":"Replace Me"}}
{"__type":"$$EventMessageConfirm","confirm":"d69386ff-f6e3-49c3-b752-77ff48b99cd9","ts":"2025-05-25T05:38:15.130+00:00","source":{"id":"0","name":"eventBus"}}
{"__type":"$$EventMessageNode","id":"3b0f0a85-6542-4a65-be11-6594e88e0f54","ts":"2025-05-25T05:38:15.130+00:00","eventName":"n8n.node.started","message":"n8n.node.started","payload":{"workflowId":"MF69XFClYXSAkhQY","workflowName":"My workflow 2","executionId":"82","nodeType":"n8n-nodes-base.splitInBatches","nodeName":"Loop Over Items"}}
{"__type":"$$EventMessageConfirm","confirm":"3b0f0a85-6542-4a65-be11-6594e88e0f54","ts":"2025-05-25T05:38:15.130+00:00","source":{"id":"0","name":"eventBus"}}
{"__type":"$$EventMessageNode","id":"69dbb70c-2b42-4d92-943e-e72593f645a0","ts":"2025-05-25T05:38:15.130+00:00","eventName":"n8n.node.finished","message":"n8n.node.finished","payload":{"workflowId":"MF69XFClYXSAkhQY","workflowName":"My workflow 2","executionId":"82","nodeType":"n8n-nodes-base.splitInBatches","nodeName":"Loop Over Items"}}
{"__type":"$$EventMessageConfirm","confirm":"69dbb70c-2b42-4d92-943e-e72593f645a0","ts":"2025-05-25T05:38:15.130+00:00","source":{"id":"0","name":"eventBus"}}
{"__type":"$$EventMessageNode","id":"cc751422-aef2-429d-b328-a7bd846e91c7","ts":"2025-05-25T05:38:15.130+00:00","eventName":"n8n.node.started","message":"n8n.node.started","payload":{"workflowId":"MF69XFClYXSAkhQY","workflowName":"My workflow 2","executionId":"82","nodeType":"n8n-nodes-base.noOp","nodeName":"Replace Me"}}
{"__type":"$$EventMessageConfirm","confirm":"cc751422-aef2-429d-b328-a7bd846e91c7","ts":"2025-05-25T05:38:15.130+00:00","source":{"id":"0","name":"eventBus"}}
{"__type":"$$EventMessageNode","id":"a28e5ed7-4405-4c8d-9cd4-7d60bbfb336f","ts":"2025-05-25T05:38:15.131+00:00","eventName":"n8n.node.finished","message":"n8n.node.finished","payload":{"workflowId":"MF69XFClYXSAkhQY","workflowName":"My workflow 2","executionId":"82","nodeType":"n8n-nodes-base.noOp","nodeName":"Replace Me"}}
{"__type":"$$EventMessageConfirm","confirm":"a28e5ed7-4405-4c8d-9cd4-7d60bbfb336f","ts":"2025-05-25T05:38:15.131+00:00","source":{"id":"0","name":"eventBus"}}
{"__type":"$$EventMessageNode","id":"e935e0d8-98fb-4b89-a348-18cd10defeb7","ts":"2025-05-25T05:38:15.131+00:00","eventName":"n8n.node.started","message":"n8n.node.started","payload":{"workflowId":"MF69XFClYXSAkhQY","workflowName":"My workflow 2","executionId":"82","nodeType":"n8n-nodes-base.splitInBatches","nodeName":"Loop Over Items"}}
{"__type":"$$EventMessageConfirm","confirm":"e935e0d8-98fb-4b89-a348-18cd10defeb7","ts":"2025-05-25T05:38:15.131+00:00","source":{"id":"0","name":"eventBus"}}
{"__type":"$$EventMessageNode","id":"9d5eb026-e2c1-486b-a669-c1f07edc0d30","ts":"2025-05-25T05:38:15.131+00:00","eventName":"n8n.node.finished","message":"n8n.node.finished","payload":{"workflowId":"MF69XFClYXSAkhQY","workflowName":"My workflow 2","executionId":"82","nodeType":"n8n-nodes-base.splitInBatches","nodeName":"Loop Over Items"}}
{"__type":"$$EventMessageConfirm","confirm":"9d5eb026-e2c1-486b-a669-c1f07edc0d30","ts":"2025-05-25T05:38:15.131+00:00","source":{"id":"0","name":"eventBus"}}
{"__type":"$$EventMessageNode","id":"82afb5a5-b622-4c2d-9297-757237af9b78","ts":"2025-05-25T05:38:15.131+00:00","eventName":"n8n.node.started","message":"n8n.node.started","payload":{"workflowId":"MF69XFClYXSAkhQY","workflowName":"My workflow 2","executionId":"82","nodeType":"n8n-nodes-base.noOp","nodeName":"Replace Me"}}
{"__type":"$$EventMessageConfirm","confirm":"82afb5a5-b622-4c2d-9297-757237af9b78","ts":"2025-05-25T05:38:15.131+00:00","source":{"id":"0","name":"eventBus"}}
{"__type":"$$EventMessageNode","id":"2723d6d4-7458-4392-b268-22e0fbd4d242","ts":"2025-05-25T05:38:15.132+00:00","eventName":"n8n.node.finished","message":"n8n.node.finished","payload":{"workflowId":"MF69XFClYXSAkhQY","workflowName":"My workflow 2","executionId":"82","nodeType":"n8n-nodes-base.noOp","nodeName":"Replace Me"}}
{"__type":"$$EventMessageConfirm","confirm":"2723d6d4-7458-4392-b268-22e0fbd4d242","ts":"2025-05-25T05:38:15.132+00:00","source":{"id":"0","name":"eventBus"}}
{"__type":"$$EventMessageNode","id":"e6e33c43-3e63-43a2-94c4-bc37c932d994","ts":"2025-05-25T05:38:15.132+00:00","eventName":"n8n.node.started","message":"n8n.node.started","payload":{"workflowId":"MF69XFClYXSAkhQY","workflowName":"My workflow 2","executionId":"82","nodeType":"n8n-nodes-base.splitInBatches","nodeName":"Loop Over Items"}}
{"__type":"$$EventMessageConfirm","confirm":"e6e33c43-3e63-43a2-94c4-bc37c932d994","ts":"2025-05-25T05:38:15.132+00:00","source":{"id":"0","name":"eventBus"}}
{"__type":"$$EventMessageNode","id":"deb446f9-3038-44fc-abbd-a48a0e25796c","ts":"2025-05-25T05:38:15.132+00:00","eventName":"n8n.node.finished","message":"n8n.node.finished","payload":{"workflowId":"MF69XFClYXSAkhQY","workflowName":"My workflow 2","executionId":"82","nodeType":"n8n-nodes-base.splitInBatches","nodeName":"Loop Over Items"}}
{"__type":"$$EventMessageConfirm","confirm":"deb446f9-3038-44fc-abbd-a48a0e25796c","ts":"2025-05-25T05:38:15.132+00:00","source":{"id":"0","name":"eventBus"}}
{"__type":"$$EventMessageNode","id":"0e51026f-5758-4c9f-8f2d-4591375e366e","ts":"2025-05-25T05:38:15.132+00:00","eventName":"n8n.node.started","message":"n8n.node.started","payload":{"workflowId":"MF69XFClYXSAkhQY","workflowName":"My workflow 2","executionId":"82","nodeType":"n8n-nodes-base.noOp","nodeName":"Replace Me"}}
{"__type":"$$EventMessageConfirm","confirm":"0e51026f-5758-4c9f-8f2d-4591375e366e","ts":"2025-05-25T05:38:15.132+00:00","source":{"id":"0","name":"eventBus"}}
{"__type":"$$EventMessageNode","id":"42b6581a-c748-45aa-9ca6-171b3d608e06","ts":"2025-05-25T05:38:15.132+00:00","eventName":"n8n.node.finished","message":"n8n.node.finished","payload":{"workflowId":"MF69XFClYXSAkhQY","workflowName":"My workflow 2","executionId":"82","nodeType":"n8n-nodes-base.noOp","nodeName":"Replace Me"}}
{"__type":"$$EventMessageConfirm","confirm":"42b6581a-c748-45aa-9ca6-171b3d608e06","ts":"2025-05-25T05:38:15.132+00:00","source":{"id":"0","name":"eventBus"}}
{"__type":"$$EventMessageNode","id":"fa62ed4a-0d4f-4370-b031-6cdf77abbbdb","ts":"2025-05-25T05:38:15.133+00:00","eventName":"n8n.node.started","message":"n8n.node.started","payload":{"workflowId":"MF69XFClYXSAkhQY","workflowName":"My workflow 2","executionId":"82","nodeType":"n8n-nodes-base.splitInBatches","nodeName":"Loop Over Items"}}
{"__type":"$$EventMessageConfirm","confirm":"fa62ed4a-0d4f-4370-b031-6cdf77abbbdb","ts":"2025-05-25T05:38:15.133+00:00","source":{"id":"0","name":"eventBus"}}
{"__type":"$$EventMessageNode","id":"ed8fa1da-5123-4351-9628-9673fd4be877","ts":"2025-05-25T05:38:15.133+00:00","eventName":"n8n.node.finished","message":"n8n.node.finished","payload":{"workflowId":"MF69XFClYXSAkhQY","workflowName":"My workflow 2","executionId":"82","nodeType":"n8n-nodes-base.splitInBatches","nodeName":"Loop Over Items"}}
{"__type":"$$EventMessageConfirm","confirm":"ed8fa1da-5123-4351-9628-9673fd4be877","ts":"2025-05-25T05:38:15.133+00:00","source":{"id":"0","name":"eventBus"}}
{"__type":"$$EventMessageNode","id":"2f79bf65-ab43-4414-913b-3e5cabe14019","ts":"2025-05-25T05:38:15.133+00:00","eventName":"n8n.node.started","message":"n8n.node.started","payload":{"workflowId":"MF69XFClYXSAkhQY","workflowName":"My workflow 2","executionId":"82","nodeType":"n8n-nodes-base.postgres","nodeName":"Store in DB"}}
{"__type":"$$EventMessageConfirm","confirm":"2f79bf65-ab43-4414-913b-3e5cabe14019","ts":"2025-05-25T05:38:15.133+00:00","source":{"id":"0","name":"eventBus"}}
{"__type":"$$EventMessageNode","id":"51d7fb97-2935-4bca-a3ef-28df80c84bab","ts":"2025-05-25T05:38:15.136+00:00","eventName":"n8n.node.finished","message":"n8n.node.finished","payload":{"workflowId":"MF69XFClYXSAkhQY","workflowName":"My workflow 2","executionId":"82","nodeType":"n8n-nodes-base.postgres","nodeName":"Store in DB"}}
{"__type":"$$EventMessageConfirm","confirm":"51d7fb97-2935-4bca-a3ef-28df80c84bab","ts":"2025-05-25T05:38:15.136+00:00","source":{"id":"0","name":"eventBus"}}
{"__type":"$$EventMessageWorkflow","id":"96e384b3-ce38-4cdb-a53f-0bd1c7ed6363","ts":"2025-05-25T05:38:15.138+00:00","eventName":"n8n.workflow.failed","message":"n8n.workflow.failed","payload":{"executionId":"82","userId":"27fea2c0-c6ec-415b-b14a-c5a3a50833da","success":false,"isManual":true,"workflowId":"MF69XFClYXSAkhQY","workflowName":"My workflow 2","lastNodeExecuted":"Store in DB","errorMessage":"Credentials could not be decrypted. The likely reason is that a different \"encryptionKey\" was used to encrypt the data."}}
{"__type":"$$EventMessageConfirm","confirm":"96e384b3-ce38-4cdb-a53f-0bd1c7ed6363","ts":"2025-05-25T05:38:15.138+00:00","source":{"id":"0","name":"eventBus"}}
{"__type":"$$EventMessageAudit","id":"ae140d4a-930a-4fc3-85cf-133b673ec94e","ts":"2025-05-25T05:39:17.390+00:00","eventName":"n8n.audit.user.credentials.updated","message":"n8n.audit.user.credentials.updated","payload":{"userId":"27fea2c0-c6ec-415b-b14a-c5a3a50833da","_email":"st124960@ait.asia","_firstName":"Ponkrit","_lastName":"Kaewsawee","globalRole":"global:owner","credentialType":"postgres","credentialId":"jzcxwKMEHGIHyy1V"}}
{"__type":"$$EventMessageConfirm","confirm":"ae140d4a-930a-4fc3-85cf-133b673ec94e","ts":"2025-05-25T05:39:17.390+00:00","source":{"id":"0","name":"eventBus"}}
{"__type":"$$EventMessageAudit","id":"f516aeb8-179b-47a5-9248-dd0380f23c39","ts":"2025-05-25T05:40:44.202+00:00","eventName":"n8n.audit.user.credentials.updated","message":"n8n.audit.user.credentials.updated","payload":{"userId":"27fea2c0-c6ec-415b-b14a-c5a3a50833da","_email":"st124960@ait.asia","_firstName":"Ponkrit","_lastName":"Kaewsawee","globalRole":"global:owner","credentialType":"postgres","credentialId":"jzcxwKMEHGIHyy1V"}}
{"__type":"$$EventMessageConfirm","confirm":"f516aeb8-179b-47a5-9248-dd0380f23c39","ts":"2025-05-25T05:40:44.202+00:00","source":{"id":"0","name":"eventBus"}}
{"__type":"$$EventMessageAudit","id":"44aad93e-c212-445a-8c65-e9ed5536f3e5","ts":"2025-05-25T05:41:11.388+00:00","eventName":"n8n.audit.user.credentials.updated","message":"n8n.audit.user.credentials.updated","payload":{"userId":"27fea2c0-c6ec-415b-b14a-c5a3a50833da","_email":"st124960@ait.asia","_firstName":"Ponkrit","_lastName":"Kaewsawee","globalRole":"global:owner","credentialType":"googleDriveOAuth2Api","credentialId":"zYpK9sCajy6tJiQE"}}
{"__type":"$$EventMessageConfirm","confirm":"44aad93e-c212-445a-8c65-e9ed5536f3e5","ts":"2025-05-25T05:41:11.388+00:00","source":{"id":"0","name":"eventBus"}}
{"__type":"$$EventMessageWorkflow","id":"1c9963b5-a52a-4d36-93c1-29c8116432cb","ts":"2025-05-25T05:41:43.680+00:00","eventName":"n8n.workflow.started","message":"n8n.workflow.started","payload":{"executionId":"83","workflowId":"MF69XFClYXSAkhQY","isManual":false,"workflowName":"My workflow 2"}}
{"__type":"$$EventMessageConfirm","confirm":"1c9963b5-a52a-4d36-93c1-29c8116432cb","ts":"2025-05-25T05:41:43.680+00:00","source":{"id":"0","name":"eventBus"}}
{"__type":"$$EventMessageNode","id":"0e251057-b1df-4ea4-a3d0-e2d80add43f4","ts":"2025-05-25T05:41:43.680+00:00","eventName":"n8n.node.started","message":"n8n.node.started","payload":{"workflowId":"MF69XFClYXSAkhQY","workflowName":"My workflow 2","executionId":"83","nodeType":"n8n-nodes-base.manualTrigger","nodeName":"When clicking ‘Test workflow’"}}
{"__type":"$$EventMessageConfirm","confirm":"0e251057-b1df-4ea4-a3d0-e2d80add43f4","ts":"2025-05-25T05:41:43.680+00:00","source":{"id":"0","name":"eventBus"}}
{"__type":"$$EventMessageNode","id":"db9ca4d8-98f5-4ae3-a308-3b586b2970d9","ts":"2025-05-25T05:41:43.681+00:00","eventName":"n8n.node.finished","message":"n8n.node.finished","payload":{"workflowId":"MF69XFClYXSAkhQY","workflowName":"My workflow 2","executionId":"83","nodeType":"n8n-nodes-base.manualTrigger","nodeName":"When clicking ‘Test workflow’"}}
{"__type":"$$EventMessageConfirm","confirm":"db9ca4d8-98f5-4ae3-a308-3b586b2970d9","ts":"2025-05-25T05:41:43.681+00:00","source":{"id":"0","name":"eventBus"}}
{"__type":"$$EventMessageNode","id":"100a6def-1338-4cca-a4e0-9c01b5b84395","ts":"2025-05-25T05:41:43.681+00:00","eventName":"n8n.node.started","message":"n8n.node.started","payload":{"workflowId":"MF69XFClYXSAkhQY","workflowName":"My workflow 2","executionId":"83","nodeType":"n8n-nodes-base.googleDrive","nodeName":"GovDocs Storage"}}
{"__type":"$$EventMessageConfirm","confirm":"100a6def-1338-4cca-a4e0-9c01b5b84395","ts":"2025-05-25T05:41:43.681+00:00","source":{"id":"0","name":"eventBus"}}
{"__type":"$$EventMessageNode","id":"95cec29c-b0c5-4b50-a8cc-1d4dbfaac513","ts":"2025-05-25T05:41:44.222+00:00","eventName":"n8n.node.finished","message":"n8n.node.finished","payload":{"workflowId":"MF69XFClYXSAkhQY","workflowName":"My workflow 2","executionId":"83","nodeType":"n8n-nodes-base.googleDrive","nodeName":"GovDocs Storage"}}
{"__type":"$$EventMessageConfirm","confirm":"95cec29c-b0c5-4b50-a8cc-1d4dbfaac513","ts":"2025-05-25T05:41:44.222+00:00","source":{"id":"0","name":"eventBus"}}
{"__type":"$$EventMessageNode","id":"c817db7e-4582-4377-910f-bc485beded49","ts":"2025-05-25T05:41:44.222+00:00","eventName":"n8n.node.started","message":"n8n.node.started","payload":{"workflowId":"MF69XFClYXSAkhQY","workflowName":"My workflow 2","executionId":"83","nodeType":"n8n-nodes-base.splitInBatches","nodeName":"Loop Over Items"}}
{"__type":"$$EventMessageConfirm","confirm":"c817db7e-4582-4377-910f-bc485beded49","ts":"2025-05-25T05:41:44.222+00:00","source":{"id":"0","name":"eventBus"}}
{"__type":"$$EventMessageNode","id":"7d952c6b-a745-47ff-929b-545d35075e8a","ts":"2025-05-25T05:41:44.222+00:00","eventName":"n8n.node.finished","message":"n8n.node.finished","payload":{"workflowId":"MF69XFClYXSAkhQY","workflowName":"My workflow 2","executionId":"83","nodeType":"n8n-nodes-base.splitInBatches","nodeName":"Loop Over Items"}}
{"__type":"$$EventMessageConfirm","confirm":"7d952c6b-a745-47ff-929b-545d35075e8a","ts":"2025-05-25T05:41:44.222+00:00","source":{"id":"0","name":"eventBus"}}
{"__type":"$$EventMessageNode","id":"1399b404-e254-490c-9fdd-cae53152b724","ts":"2025-05-25T05:41:44.223+00:00","eventName":"n8n.node.started","message":"n8n.node.started","payload":{"workflowId":"MF69XFClYXSAkhQY","workflowName":"My workflow 2","executionId":"83","nodeType":"n8n-nodes-base.noOp","nodeName":"Replace Me"}}
{"__type":"$$EventMessageConfirm","confirm":"1399b404-e254-490c-9fdd-cae53152b724","ts":"2025-05-25T05:41:44.223+00:00","source":{"id":"0","name":"eventBus"}}
{"__type":"$$EventMessageNode","id":"7fd88299-8d21-4051-8856-ed270d715007","ts":"2025-05-25T05:41:44.223+00:00","eventName":"n8n.node.finished","message":"n8n.node.finished","payload":{"workflowId":"MF69XFClYXSAkhQY","workflowName":"My workflow 2","executionId":"83","nodeType":"n8n-nodes-base.noOp","nodeName":"Replace Me"}}
{"__type":"$$EventMessageConfirm","confirm":"7fd88299-8d21-4051-8856-ed270d715007","ts":"2025-05-25T05:41:44.223+00:00","source":{"id":"0","name":"eventBus"}}
{"__type":"$$EventMessageNode","id":"1b0366cd-8579-4775-b850-82e006e720c2","ts":"2025-05-25T05:41:44.223+00:00","eventName":"n8n.node.started","message":"n8n.node.started","payload":{"workflowId":"MF69XFClYXSAkhQY","workflowName":"My workflow 2","executionId":"83","nodeType":"n8n-nodes-base.splitInBatches","nodeName":"Loop Over Items"}}
{"__type":"$$EventMessageConfirm","confirm":"1b0366cd-8579-4775-b850-82e006e720c2","ts":"2025-05-25T05:41:44.223+00:00","source":{"id":"0","name":"eventBus"}}
{"__type":"$$EventMessageNode","id":"34b46fa8-45ca-4ec0-a7e7-d61409e06bd8","ts":"2025-05-25T05:41:44.224+00:00","eventName":"n8n.node.finished","message":"n8n.node.finished","payload":{"workflowId":"MF69XFClYXSAkhQY","workflowName":"My workflow 2","executionId":"83","nodeType":"n8n-nodes-base.splitInBatches","nodeName":"Loop Over Items"}}
{"__type":"$$EventMessageConfirm","confirm":"34b46fa8-45ca-4ec0-a7e7-d61409e06bd8","ts":"2025-05-25T05:41:44.224+00:00","source":{"id":"0","name":"eventBus"}}
{"__type":"$$EventMessageNode","id":"a970cad2-11d5-425e-a3d0-d7783520e396","ts":"2025-05-25T05:41:44.224+00:00","eventName":"n8n.node.started","message":"n8n.node.started","payload":{"workflowId":"MF69XFClYXSAkhQY","workflowName":"My workflow 2","executionId":"83","nodeType":"n8n-nodes-base.noOp","nodeName":"Replace Me"}}
{"__type":"$$EventMessageConfirm","confirm":"a970cad2-11d5-425e-a3d0-d7783520e396","ts":"2025-05-25T05:41:44.224+00:00","source":{"id":"0","name":"eventBus"}}
{"__type":"$$EventMessageNode","id":"4e9bca92-86bf-473c-ae90-605f3284b514","ts":"2025-05-25T05:41:44.224+00:00","eventName":"n8n.node.finished","message":"n8n.node.finished","payload":{"workflowId":"MF69XFClYXSAkhQY","workflowName":"My workflow 2","executionId":"83","nodeType":"n8n-nodes-base.noOp","nodeName":"Replace Me"}}
{"__type":"$$EventMessageConfirm","confirm":"4e9bca92-86bf-473c-ae90-605f3284b514","ts":"2025-05-25T05:41:44.224+00:00","source":{"id":"0","name":"eventBus"}}
{"__type":"$$EventMessageNode","id":"2b573ae3-f5c2-4126-b7d6-ee0a9b6cd1ac","ts":"2025-05-25T05:41:44.224+00:00","eventName":"n8n.node.started","message":"n8n.node.started","payload":{"workflowId":"MF69XFClYXSAkhQY","workflowName":"My workflow 2","executionId":"83","nodeType":"n8n-nodes-base.splitInBatches","nodeName":"Loop Over Items"}}
{"__type":"$$EventMessageConfirm","confirm":"2b573ae3-f5c2-4126-b7d6-ee0a9b6cd1ac","ts":"2025-05-25T05:41:44.224+00:00","source":{"id":"0","name":"eventBus"}}
{"__type":"$$EventMessageNode","id":"4f68645d-c6d1-42d9-b2d9-91e70dc31873","ts":"2025-05-25T05:41:44.224+00:00","eventName":"n8n.node.finished","message":"n8n.node.finished","payload":{"workflowId":"MF69XFClYXSAkhQY","workflowName":"My workflow 2","executionId":"83","nodeType":"n8n-nodes-base.splitInBatches","nodeName":"Loop Over Items"}}
{"__type":"$$EventMessageConfirm","confirm":"4f68645d-c6d1-42d9-b2d9-91e70dc31873","ts":"2025-05-25T05:41:44.224+00:00","source":{"id":"0","name":"eventBus"}}
{"__type":"$$EventMessageNode","id":"b3ac8fe7-2f90-4874-b4d3-68871892fd69","ts":"2025-05-25T05:41:44.224+00:00","eventName":"n8n.node.started","message":"n8n.node.started","payload":{"workflowId":"MF69XFClYXSAkhQY","workflowName":"My workflow 2","executionId":"83","nodeType":"n8n-nodes-base.noOp","nodeName":"Replace Me"}}
{"__type":"$$EventMessageConfirm","confirm":"b3ac8fe7-2f90-4874-b4d3-68871892fd69","ts":"2025-05-25T05:41:44.224+00:00","source":{"id":"0","name":"eventBus"}}
{"__type":"$$EventMessageNode","id":"96aee774-c065-4724-ad40-f811095526e2","ts":"2025-05-25T05:41:44.225+00:00","eventName":"n8n.node.finished","message":"n8n.node.finished","payload":{"workflowId":"MF69XFClYXSAkhQY","workflowName":"My workflow 2","executionId":"83","nodeType":"n8n-nodes-base.noOp","nodeName":"Replace Me"}}
{"__type":"$$EventMessageConfirm","confirm":"96aee774-c065-4724-ad40-f811095526e2","ts":"2025-05-25T05:41:44.225+00:00","source":{"id":"0","name":"eventBus"}}
{"__type":"$$EventMessageNode","id":"241dca0e-a62e-4280-a989-7451dabb3c80","ts":"2025-05-25T05:41:44.225+00:00","eventName":"n8n.node.started","message":"n8n.node.started","payload":{"workflowId":"MF69XFClYXSAkhQY","workflowName":"My workflow 2","executionId":"83","nodeType":"n8n-nodes-base.splitInBatches","nodeName":"Loop Over Items"}}
{"__type":"$$EventMessageConfirm","confirm":"241dca0e-a62e-4280-a989-7451dabb3c80","ts":"2025-05-25T05:41:44.225+00:00","source":{"id":"0","name":"eventBus"}}
{"__type":"$$EventMessageNode","id":"5301c7a1-8977-4b81-9665-b8364e97b989","ts":"2025-05-25T05:41:44.225+00:00","eventName":"n8n.node.finished","message":"n8n.node.finished","payload":{"workflowId":"MF69XFClYXSAkhQY","workflowName":"My workflow 2","executionId":"83","nodeType":"n8n-nodes-base.splitInBatches","nodeName":"Loop Over Items"}}
{"__type":"$$EventMessageConfirm","confirm":"5301c7a1-8977-4b81-9665-b8364e97b989","ts":"2025-05-25T05:41:44.225+00:00","source":{"id":"0","name":"eventBus"}}
{"__type":"$$EventMessageNode","id":"8d212886-d1ea-46f5-be14-aa35cd6716bf","ts":"2025-05-25T05:41:44.225+00:00","eventName":"n8n.node.started","message":"n8n.node.started","payload":{"workflowId":"MF69XFClYXSAkhQY","workflowName":"My workflow 2","executionId":"83","nodeType":"n8n-nodes-base.noOp","nodeName":"Replace Me"}}
{"__type":"$$EventMessageConfirm","confirm":"8d212886-d1ea-46f5-be14-aa35cd6716bf","ts":"2025-05-25T05:41:44.225+00:00","source":{"id":"0","name":"eventBus"}}
{"__type":"$$EventMessageNode","id":"22e4e44e-9253-4bbe-af38-dc8b58a2dab7","ts":"2025-05-25T05:41:44.225+00:00","eventName":"n8n.node.finished","message":"n8n.node.finished","payload":{"workflowId":"MF69XFClYXSAkhQY","workflowName":"My workflow 2","executionId":"83","nodeType":"n8n-nodes-base.noOp","nodeName":"Replace Me"}}
{"__type":"$$EventMessageConfirm","confirm":"22e4e44e-9253-4bbe-af38-dc8b58a2dab7","ts":"2025-05-25T05:41:44.225+00:00","source":{"id":"0","name":"eventBus"}}
{"__type":"$$EventMessageNode","id":"72e751e6-58a7-49f7-baa3-69c140720934","ts":"2025-05-25T05:41:44.225+00:00","eventName":"n8n.node.started","message":"n8n.node.started","payload":{"workflowId":"MF69XFClYXSAkhQY","workflowName":"My workflow 2","executionId":"83","nodeType":"n8n-nodes-base.splitInBatches","nodeName":"Loop Over Items"}}
{"__type":"$$EventMessageConfirm","confirm":"72e751e6-58a7-49f7-baa3-69c140720934","ts":"2025-05-25T05:41:44.225+00:00","source":{"id":"0","name":"eventBus"}}
{"__type":"$$EventMessageNode","id":"746158e7-e8c3-4cba-a0b7-5278316e11d4","ts":"2025-05-25T05:41:44.226+00:00","eventName":"n8n.node.finished","message":"n8n.node.finished","payload":{"workflowId":"MF69XFClYXSAkhQY","workflowName":"My workflow 2","executionId":"83","nodeType":"n8n-nodes-base.splitInBatches","nodeName":"Loop Over Items"}}
{"__type":"$$EventMessageConfirm","confirm":"746158e7-e8c3-4cba-a0b7-5278316e11d4","ts":"2025-05-25T05:41:44.226+00:00","source":{"id":"0","name":"eventBus"}}
{"__type":"$$EventMessageNode","id":"c9d60f11-99c7-4b87-8279-ff52653d7eed","ts":"2025-05-25T05:41:44.226+00:00","eventName":"n8n.node.started","message":"n8n.node.started","payload":{"workflowId":"MF69XFClYXSAkhQY","workflowName":"My workflow 2","executionId":"83","nodeType":"n8n-nodes-base.postgres","nodeName":"Store in DB"}}
{"__type":"$$EventMessageConfirm","confirm":"c9d60f11-99c7-4b87-8279-ff52653d7eed","ts":"2025-05-25T05:41:44.226+00:00","source":{"id":"0","name":"eventBus"}}
{"__type":"$$EventMessageNode","id":"c5f5a197-9bf2-4cd5-92e4-9ac57df7d5d0","ts":"2025-05-25T12:41:44.317+07:00","eventName":"n8n.node.finished","message":"n8n.node.finished","payload":{"workflowId":"MF69XFClYXSAkhQY","workflowName":"My workflow 2","executionId":"83","nodeType":"n8n-nodes-base.postgres","nodeName":"Store in DB"}}
{"__type":"$$EventMessageConfirm","confirm":"c5f5a197-9bf2-4cd5-92e4-9ac57df7d5d0","ts":"2025-05-25T12:41:44.317+07:00","source":{"id":"0","name":"eventBus"}}
{"__type":"$$EventMessageWorkflow","id":"b209f8bf-f51c-4585-9ec7-1c3a20c41cb5","ts":"2025-05-25T12:41:44.318+07:00","eventName":"n8n.workflow.failed","message":"n8n.workflow.failed","payload":{"executionId":"83","userId":"27fea2c0-c6ec-415b-b14a-c5a3a50833da","success":false,"isManual":true,"workflowId":"MF69XFClYXSAkhQY","workflowName":"My workflow 2","lastNodeExecuted":"Store in DB","errorNodeType":"n8n-nodes-base.postgres","errorMessage":"relation \"public.ocr_documents\" does not exist"}}
{"__type":"$$EventMessageConfirm","confirm":"b209f8bf-f51c-4585-9ec7-1c3a20c41cb5","ts":"2025-05-25T12:41:44.318+07:00","source":{"id":"0","name":"eventBus"}}
{"__type":"$$EventMessageWorkflow","id":"9291f1fd-9a40-429a-a08e-ba153f2a9f56","ts":"2025-05-25T12:41:55.295+07:00","eventName":"n8n.workflow.started","message":"n8n.workflow.started","payload":{"executionId":"84","workflowId":"MF69XFClYXSAkhQY","isManual":false,"workflowName":"My workflow 2"}}
{"__type":"$$EventMessageConfirm","confirm":"9291f1fd-9a40-429a-a08e-ba153f2a9f56","ts":"2025-05-25T12:41:55.295+07:00","source":{"id":"0","name":"eventBus"}}
{"__type":"$$EventMessageNode","id":"194749ba-90be-4630-b4d3-abc1d8b9ccb3","ts":"2025-05-25T12:41:55.296+07:00","eventName":"n8n.node.started","message":"n8n.node.started","payload":{"workflowId":"MF69XFClYXSAkhQY","workflowName":"My workflow 2","executionId":"84","nodeType":"n8n-nodes-base.postgres","nodeName":"Store in DB"}}
{"__type":"$$EventMessageConfirm","confirm":"194749ba-90be-4630-b4d3-abc1d8b9ccb3","ts":"2025-05-25T12:41:55.296+07:00","source":{"id":"0","name":"eventBus"}}
{"__type":"$$EventMessageNode","id":"6d7c638d-5396-46bf-a5eb-d7324a6ec90c","ts":"2025-05-25T12:41:55.318+07:00","eventName":"n8n.node.finished","message":"n8n.node.finished","payload":{"workflowId":"MF69XFClYXSAkhQY","workflowName":"My workflow 2","executionId":"84","nodeType":"n8n-nodes-base.postgres","nodeName":"Store in DB"}}
{"__type":"$$EventMessageConfirm","confirm":"6d7c638d-5396-46bf-a5eb-d7324a6ec90c","ts":"2025-05-25T12:41:55.318+07:00","source":{"id":"0","name":"eventBus"}}
{"__type":"$$EventMessageWorkflow","id":"cb7e03a7-e046-481b-bf96-5ca7740730b8","ts":"2025-05-25T12:41:55.320+07:00","eventName":"n8n.workflow.failed","message":"n8n.workflow.failed","payload":{"executionId":"84","userId":"27fea2c0-c6ec-415b-b14a-c5a3a50833da","success":false,"isManual":true,"workflowId":"MF69XFClYXSAkhQY","workflowName":"My workflow 2","lastNodeExecuted":"Store in DB","errorNodeType":"n8n-nodes-base.postgres","errorMessage":"relation \"public.ocr_documents\" does not exist"}}
{"__type":"$$EventMessageConfirm","confirm":"cb7e03a7-e046-481b-bf96-5ca7740730b8","ts":"2025-05-25T12:41:55.320+07:00","source":{"id":"0","name":"eventBus"}}
{"__type":"$$EventMessageAudit","id":"0ee1ecd8-6dfc-4115-8b22-63ca42fd1f20","ts":"2025-05-25T12:47:22.817+07:00","eventName":"n8n.audit.workflow.updated","message":"n8n.audit.workflow.updated","payload":{"userId":"27fea2c0-c6ec-415b-b14a-c5a3a50833da","_email":"st124960@ait.asia","_firstName":"Ponkrit","_lastName":"Kaewsawee","globalRole":"global:owner","workflowId":"MF69XFClYXSAkhQY","workflowName":"My workflow 2"}}
{"__type":"$$EventMessageConfirm","confirm":"0ee1ecd8-6dfc-4115-8b22-63ca42fd1f20","ts":"2025-05-25T12:47:22.817+07:00","source":{"id":"0","name":"eventBus"}}
